#
# There is insufficient memory for the Java Runtime Environment to continue.
# Native memory allocation (mmap) failed to map 130023424 bytes for G1 virtual space
# Possible reasons:
#   The system is out of physical RAM or swap space
#   The process is running with CompressedOops enabled, and the Java Heap may be blocking the growth of the native heap
# Possible solutions:
#   Reduce memory load on the system
#   Increase physical memory or swap space
#   Check if swap backing store is full
#   Decrease Java heap size (-Xmx/-Xms)
#   Decrease number of Java threads
#   Decrease Java thread stack sizes (-Xss)
#   Set larger code cache with -XX:ReservedCodeCacheSize=
#   JVM is running with Unscaled Compressed Oops mode in which the Java heap is
#     placed in the first 4GB address space. The Java Heap base address is the
#     maximum limit for the native heap growth. Please use -XX:HeapBaseMinAddress
#     to set the Java Heap base and to place the Java Heap above 4GB virtual address.
# This output file may be truncated or incomplete.
#
#  Out of Memory Error (os_windows.cpp:3530), pid=11928, tid=11388
#
# JRE version:  (18.0+36) (build )
# Java VM: Java HotSpot(TM) 64-Bit Server VM (18+36-2087, mixed mode, sharing, tiered, compressed oops, compressed class ptrs, g1 gc, windows-amd64)
# No core dump will be written. Minidumps are not enabled by default on client versions of Windows
#

---------------  S U M M A R Y ------------

Command Line: MainApp

Host: Intel(R) Core(TM) i5-7200U CPU @ 2.50GHz, 4 cores, 7G,  Windows 10 , 64 bit Build 19041 (10.0.19041.1741)
Time: Fri Jul 15 11:27:18 2022 SE Asia Standard Time elapsed time: 0.018111 seconds (0d 0h 0m 0s)

---------------  T H R E A D  ---------------

Current thread (0x000001da9cd90200):  JavaThread "Unknown thread" [_thread_in_vm, id=11388, stack(0x000000d333100000,0x000000d333200000)]

Stack: [0x000000d333100000,0x000000d333200000]
Native frames: (J=compiled Java code, j=interpreted, Vv=VM code, C=native code)
V  [jvm.dll+0x69804a]
V  [jvm.dll+0x7f308d]
V  [jvm.dll+0x7f499e]
V  [jvm.dll+0x7f5053]
V  [jvm.dll+0x25ca3f]
V  [jvm.dll+0x694f99]
V  [jvm.dll+0x689aca]
V  [jvm.dll+0x321efb]
V  [jvm.dll+0x3298d6]
V  [jvm.dll+0x37e47e]
V  [jvm.dll+0x37e6af]
V  [jvm.dll+0x2f9c7a]
V  [jvm.dll+0x2facdd]
V  [jvm.dll+0x7c1cc0]
V  [jvm.dll+0x38b801]
V  [jvm.dll+0x7a09d3]
V  [jvm.dll+0x40d6bf]
V  [jvm.dll+0x40f091]
C  [jli.dll+0x526b]
C  [ucrtbase.dll+0x21bb2]
C  [KERNEL32.DLL+0x17034]
C  [ntdll.dll+0x52651]


---------------  P R O C E S S  ---------------

Threads class SMR info:
_java_thread_list=0x00007ffbdd6ae550, length=0, elements={
}

Java Threads: ( => current thread )

Other Threads:
  0x000001da9cdec230 WorkerThread "GC Thread#0" [stack: 0x000000d333200000,0x000000d333300000] [id=7848]
  0x000001da9cdfd8f0 ConcurrentGCThread "G1 Main Marker" [stack: 0x000000d333300000,0x000000d333400000] [id=6680]
  0x000001da9cdfea80 WorkerThread "G1 Conc#0" [stack: 0x000000d333400000,0x000000d333500000] [id=8512]

[error occurred during error reporting (printing all threads), id 0xc0000005, EXCEPTION_ACCESS_VIOLATION (0xc0000005) at pc=0x00007ffbdceda217]

VM state: not at safepoint (not fully initialized)

VM Mutex/Monitor currently owned by a thread:  ([mutex/lock_event])
[0x000001da9cd8edc0] Heap_lock - owner thread: 0x000001da9cd90200

Heap address: 0x0000000084400000, size: 1980 MB, Compressed Oops mode: 32-bit

CDS archive(s) mapped at: [0x0000000000000000-0x0000000000000000-0x0000000000000000), size 0, SharedBaseAddress: 0x0000000800000000, ArchiveRelocationMode: 0.
Narrow klass base: 0x0000000000000000, Narrow klass shift: 0, Narrow klass range: 0x0

GC Precious Log:
 CardTable entry size: 512
 Card Set container configuration: InlinePtr #cards 5 size 8 Array Of Cards #cards 12 size 40 Howl #buckets 4 coarsen threshold 1843 Howl Bitmap #cards 512 size 80 coarsen threshold 460 Card regions per heap region 1 cards per card region 2048

Heap:
 garbage-first heap   total 0K, used 0K [0x0000000084400000, 0x0000000100000000)
  region size 1024K, 0 young (0K), 0 survivors (0K)

[error occurred during error reporting (printing heap information), id 0xc0000005, EXCEPTION_ACCESS_VIOLATION (0xc0000005) at pc=0x00007ffbdd2c0489]

GC Heap History (0 events):
No events

Deoptimization events (0 events):
No events

Classes loaded (0 events):
No events

Classes unloaded (0 events):
No events

Classes redefined (0 events):
No events

Internal exceptions (0 events):
No events

VM Operations (0 events):
No events

Events (1 events):
Event: 0.008 Loaded shared library C:\Program Files\Java\jdk-18\bin\java.dll


Dynamic libraries:
0x00007ff73a8c0000 - 0x00007ff73a8d0000 	C:\Program Files\Java\jdk-18\bin\java.exe
0x00007ffc09650000 - 0x00007ffc09847000 	C:\WINDOWS\SYSTEM32\ntdll.dll
0x00007ffc07b90000 - 0x00007ffc07c4d000 	C:\WINDOWS\System32\KERNEL32.DLL
0x00007ffc07250000 - 0x00007ffc0751d000 	C:\WINDOWS\System32\KERNELBASE.dll
0x00007ffc06da0000 - 0x00007ffc06ea0000 	C:\WINDOWS\System32\ucrtbase.dll
0x00007ffc00280000 - 0x00007ffc00298000 	C:\Program Files\Java\jdk-18\bin\jli.dll
0x00007ffc07dc0000 - 0x00007ffc07e6e000 	C:\WINDOWS\System32\ADVAPI32.dll
0x00007ffc07c50000 - 0x00007ffc07cee000 	C:\WINDOWS\System32\msvcrt.dll
0x00007ffc08dc0000 - 0x00007ffc08e5c000 	C:\WINDOWS\System32\sechost.dll
0x00007ffc09330000 - 0x00007ffc09455000 	C:\WINDOWS\System32\RPCRT4.dll
0x00007ffbfd7a0000 - 0x00007ffbfd7ba000 	C:\Program Files\Java\jdk-18\bin\VCRUNTIME140.dll
0x00007ffc08e60000 - 0x00007ffc09000000 	C:\WINDOWS\System32\USER32.dll
0x00007ffc06d70000 - 0x00007ffc06d92000 	C:\WINDOWS\System32\win32u.dll
0x00007ffc07e70000 - 0x00007ffc07e9a000 	C:\WINDOWS\System32\GDI32.dll
0x00007ffbf10c0000 - 0x00007ffbf135a000 	C:\WINDOWS\WinSxS\amd64_microsoft.windows.common-controls_6595b64144ccf1df_6.0.19041.1110_none_60b5254171f9507e\COMCTL32.dll
0x00007ffc07030000 - 0x00007ffc0713b000 	C:\WINDOWS\System32\gdi32full.dll
0x00007ffc07140000 - 0x00007ffc071dd000 	C:\WINDOWS\System32\msvcp_win.dll
0x00007ffbfd260000 - 0x00007ffbfd26a000 	C:\WINDOWS\SYSTEM32\VERSION.dll
0x00007ffc092a0000 - 0x00007ffc092d0000 	C:\WINDOWS\System32\IMM32.DLL
0x00007ffbfda60000 - 0x00007ffbfda6c000 	C:\Program Files\Java\jdk-18\bin\vcruntime140_1.dll
0x00007ffbf1f30000 - 0x00007ffbf1fbd000 	C:\Program Files\Java\jdk-18\bin\msvcp140.dll
0x00007ffbdcbd0000 - 0x00007ffbdd7e1000 	C:\Program Files\Java\jdk-18\bin\server\jvm.dll
0x00007ffc07fd0000 - 0x00007ffc07fd8000 	C:\WINDOWS\System32\PSAPI.DLL
0x00007ffbf3c10000 - 0x00007ffbf3c37000 	C:\WINDOWS\SYSTEM32\WINMM.dll
0x00007ffbf07f0000 - 0x00007ffbf07f9000 	C:\WINDOWS\SYSTEM32\WSOCK32.dll
0x00007ffc07cf0000 - 0x00007ffc07d5b000 	C:\WINDOWS\System32\WS2_32.dll
0x00007ffc04c10000 - 0x00007ffc04c22000 	C:\WINDOWS\SYSTEM32\kernel.appcore.dll
0x00007ffbf7630000 - 0x00007ffbf763a000 	C:\Program Files\Java\jdk-18\bin\jimage.dll
0x00007ffc02930000 - 0x00007ffc02b14000 	C:\WINDOWS\SYSTEM32\DBGHELP.DLL
0x00007ffbe9700000 - 0x00007ffbe972c000 	C:\WINDOWS\SYSTEM32\dbgcore.DLL
0x00007ffc07620000 - 0x00007ffc076a2000 	C:\WINDOWS\System32\bcryptPrimitives.dll
0x00007ffbfd770000 - 0x00007ffbfd795000 	C:\Program Files\Java\jdk-18\bin\java.dll

dbghelp: loaded successfully - version: 4.0.5 - missing functions: none
symbol engine: initialized successfully - sym options: 0x614 - pdb path: .;C:\Program Files\Java\jdk-18\bin;C:\WINDOWS\SYSTEM32;C:\WINDOWS\WinSxS\amd64_microsoft.windows.common-controls_6595b64144ccf1df_6.0.19041.1110_none_60b5254171f9507e;C:\Program Files\Java\jdk-18\bin\server

VM Arguments:
java_command: MainApp
java_class_path (initial): D:\atHust\20212\7_Object-OrientedProgramming\MediaOne\target\classes
Launcher Type: SUN_STANDARD

[Global flags]
     intx CICompilerCount                          = 3                                         {product} {ergonomic}
     uint ConcGCThreads                            = 1                                         {product} {ergonomic}
     uint G1ConcRefinementThreads                  = 4                                         {product} {ergonomic}
   size_t G1HeapRegionSize                         = 1048576                                   {product} {ergonomic}
    uintx GCDrainStackTargetSize                   = 64                                        {product} {ergonomic}
   size_t InitialHeapSize                          = 130023424                                 {product} {ergonomic}
   size_t MarkStackSize                            = 4194304                                   {product} {ergonomic}
   size_t MaxHeapSize                              = 2076180480                                {product} {ergonomic}
   size_t MinHeapDeltaBytes                        = 1048576                                   {product} {ergonomic}
   size_t MinHeapSize                              = 8388608                                   {product} {ergonomic}
    uintx NonNMethodCodeHeapSize                   = 5832780                                {pd product} {ergonomic}
    uintx NonProfiledCodeHeapSize                  = 122912730                              {pd product} {ergonomic}
    uintx ProfiledCodeHeapSize                     = 122912730                              {pd product} {ergonomic}
    uintx ReservedCodeCacheSize                    = 251658240                              {pd product} {ergonomic}
     bool SegmentedCodeCache                       = true                                      {product} {ergonomic}
   size_t SoftMaxHeapSize                          = 2076180480                             {manageable} {ergonomic}
     bool UseCompressedClassPointers               = true                           {product lp64_product} {ergonomic}
     bool UseCompressedOops                        = true                           {product lp64_product} {ergonomic}
     bool UseG1GC                                  = true                                      {product} {ergonomic}
     bool UseLargePagesIndividualAllocation        = false                                  {pd product} {ergonomic}

Logging:
Log output configuration:
 #0: stdout all=warning uptime,level,tags foldmultilines=false
 #1: stderr all=off uptime,level,tags foldmultilines=false

Environment Variables:
JAVA_HOME=C:\Program Files\Java\jdk-18
PATH=C:\Program Files\Common Files\Oracle\Java\javapath;C:\Program Files (x86)\Common Files\Intel\Shared Libraries\redist\intel64\compiler;C:\WINDOWS\system32;C:\WINDOWS;C:\WINDOWS\System32\Wbem;C:\WINDOWS\System32\WindowsPowerShell\v1.0\;C:\WINDOWS\System32\OpenSSH\;C:\Program Files\Git\cmd;C:\msys64\mingw64\bin;C:\Users\XPS\AppData\Local\Programs\Python\Python39\Scripts\;C:\Users\XPS\AppData\Local\Programs\Python\Python39\;C:\Users\XPS\AppData\Local\Microsoft\WindowsApps;C:\Users\XPS\AppData\Local\Programs\Python\Python39;C:\Users\XPS\AppData\Local\Programs\Python\Python39\Scripts;C:\Users\XPS\AppData\Local\Programs\Microsoft VS Code\bin;C:\Users\XPS\AppData\Local\Programs\MiKTeX\miktex\bin\x64\
USERNAME=XPS
OS=Windows_NT
PROCESSOR_IDENTIFIER=Intel64 Family 6 Model 142 Stepping 9, GenuineIntel



---------------  S Y S T E M  ---------------

OS:
 Windows 10 , 64 bit Build 19041 (10.0.19041.1741)
OS uptime: 1 days 1:57 hours
Hyper-V role detected

CPU: total 4 (initial active 4) (2 cores per cpu, 2 threads per core) family 6 model 142 stepping 9 microcode 0xea, cx8, cmov, fxsr, ht, mmx, 3dnowpref, sse, sse2, sse3, ssse3, sse4.1, sse4.2, popcnt, lzcnt, tsc, tscinvbit, avx, avx2, aes, erms, clmul, bmi1, bmi2, adx, fma, vzeroupper, clflush, clflushopt, hv

Memory: 4k page, system-wide physical 7919M (1621M free)
TotalPageFile size 12980M (AvailPageFile size 11M)
current process WorkingSet (physical memory assigned to process): 10M, peak: 10M
current process commit charge ("private bytes"): 52M, peak: 175M

vm_info: Java HotSpot(TM) 64-Bit Server VM (18+36-2087) for windows-amd64 JRE (18+36-2087), built on Feb 15 2022 09:43:11 by "mach5one" with MS VC++ 16.8 / 16.9 (VS2019)

END.
