#
# There is insufficient memory for the Java Runtime Environment to continue.
# Native memory allocation (malloc) failed to allocate 708336 bytes for Chunk::new
# Possible reasons:
#   The system is out of physical RAM or swap space
#   The process is running with CompressedOops enabled, and the Java Heap may be blocking the growth of the native heap
# Possible solutions:
#   Reduce memory load on the system
#   Increase physical memory or swap space
#   Check if swap backing store is full
#   Decrease Java heap size (-Xmx/-Xms)
#   Decrease number of Java threads
#   Decrease Java thread stack sizes (-Xss)
#   Set larger code cache with -XX:ReservedCodeCacheSize=
#   JVM is running with Unscaled Compressed Oops mode in which the Java heap is
#     placed in the first 4GB address space. The Java Heap base address is the
#     maximum limit for the native heap growth. Please use -XX:HeapBaseMinAddress
#     to set the Java Heap base and to place the Java Heap above 4GB virtual address.
# This output file may be truncated or incomplete.
#
#  Out of Memory Error (arena.cpp:184), pid=7604, tid=14444
#
# JRE version: Java(TM) SE Runtime Environment (18.0+36) (build 18+36-2087)
# Java VM: Java HotSpot(TM) 64-Bit Server VM (18+36-2087, mixed mode, sharing, tiered, compressed oops, compressed class ptrs, g1 gc, windows-amd64)
# No core dump will be written. Minidumps are not enabled by default on client versions of Windows
#

---------------  S U M M A R Y ------------

Command Line: -Dclassworlds.conf=C:\Program Files\NetBeans-13\netbeans\java\maven\bin\m2.conf -Dmaven.home=C:\Program Files\NetBeans-13\netbeans\java\maven -Dlibrary.jansi.path=C:\Program Files\NetBeans-13\netbeans\java\maven\lib\jansi-native -Dmaven.multiModuleProjectDirectory=D:\atHust\20212\7_Object-OrientedProgramming\MediaOne org.codehaus.plexus.classworlds.launcher.Launcher -Dexec.vmArgs= -Dexec.args=${exec.vmArgs} -classpath %classpath ${exec.mainClass} ${exec.appArgs} -Dexec.appArgs= -Dexec.mainClass=MainApp -Dexec.executable=C:\Program Files\Java\jdk-18\bin\java.exe -Dmaven.ext.class.path=C:\Program Files\NetBeans-13\netbeans\java\maven-nblib\netbeans-eventspy.jar org.codehaus.mojo:exec-maven-plugin:3.0.0:exec

Host: Intel(R) Core(TM) i5-7200U CPU @ 2.50GHz, 4 cores, 7G,  Windows 10 , 64 bit Build 19041 (10.0.19041.1741)
Time: Fri Jul 15 11:33:21 2022 SE Asia Standard Time elapsed time: 2.327984 seconds (0d 0h 0m 2s)

---------------  T H R E A D  ---------------

Current thread (0x0000018df2802c90):  JavaThread "C2 CompilerThread0" daemon [_thread_in_native, id=14444, stack(0x0000008ce9b00000,0x0000008ce9c00000)]


Current CompileTask:
C2:   2328 2377       4       org.codehaus.plexus.util.xml.pull.MXParser::parseStartTag (1195 bytes)

Stack: [0x0000008ce9b00000,0x0000008ce9c00000]
Native frames: (J=compiled Java code, j=interpreted, Vv=VM code, C=native code)
V  [jvm.dll+0x69804a]
V  [jvm.dll+0x7f308d]
V  [jvm.dll+0x7f499e]
V  [jvm.dll+0x7f5053]
V  [jvm.dll+0x25ca3f]
V  [jvm.dll+0xb8c2f]
V  [jvm.dll+0xb8fa5]
V  [jvm.dll+0x385a31]
V  [jvm.dll+0x34f811]
V  [jvm.dll+0x34ecaa]
V  [jvm.dll+0x22fc21]
V  [jvm.dll+0x22eff1]
V  [jvm.dll+0x1b9cfc]
V  [jvm.dll+0x23e8ca]
V  [jvm.dll+0x23cbac]
V  [jvm.dll+0x7a5781]
V  [jvm.dll+0x79fbba]
V  [jvm.dll+0x696ef5]
C  [ucrtbase.dll+0x21bb2]
C  [KERNEL32.DLL+0x17034]
C  [ntdll.dll+0x52651]


---------------  P R O C E S S  ---------------

Threads class SMR info:
_java_thread_list=0x0000018df7080f30, length=13, elements={
0x0000018dd50d5530, 0x0000018df27de4b0, 0x0000018df27e1030, 0x0000018df27fc900,
0x0000018df27fd3c0, 0x0000018df27fdc70, 0x0000018df27fea70, 0x0000018df2802c90,
0x0000018df280bc20, 0x0000018df2819980, 0x0000018df6c914a0, 0x0000018df6c97bf0,
0x0000018df77d8a90
}

Java Threads: ( => current thread )
  0x0000018dd50d5530 JavaThread "main" [_thread_in_Java, id=5240, stack(0x0000008ce8e00000,0x0000008ce8f00000)]
  0x0000018df27de4b0 JavaThread "Reference Handler" daemon [_thread_blocked, id=15000, stack(0x0000008ce9500000,0x0000008ce9600000)]
  0x0000018df27e1030 JavaThread "Finalizer" daemon [_thread_blocked, id=9132, stack(0x0000008ce9600000,0x0000008ce9700000)]
  0x0000018df27fc900 JavaThread "Signal Dispatcher" daemon [_thread_blocked, id=1248, stack(0x0000008ce9700000,0x0000008ce9800000)]
  0x0000018df27fd3c0 JavaThread "Attach Listener" daemon [_thread_blocked, id=8764, stack(0x0000008ce9800000,0x0000008ce9900000)]
  0x0000018df27fdc70 JavaThread "Service Thread" daemon [_thread_blocked, id=5876, stack(0x0000008ce9900000,0x0000008ce9a00000)]
  0x0000018df27fea70 JavaThread "Monitor Deflation Thread" daemon [_thread_blocked, id=3872, stack(0x0000008ce9a00000,0x0000008ce9b00000)]
=>0x0000018df2802c90 JavaThread "C2 CompilerThread0" daemon [_thread_in_native, id=14444, stack(0x0000008ce9b00000,0x0000008ce9c00000)]
  0x0000018df280bc20 JavaThread "C1 CompilerThread0" daemon [_thread_in_vm, id=8800, stack(0x0000008ce9c00000,0x0000008ce9d00000)]
  0x0000018df2819980 JavaThread "Sweeper thread" daemon [_thread_blocked, id=3568, stack(0x0000008ce9d00000,0x0000008ce9e00000)]
  0x0000018df6c914a0 JavaThread "Notification Thread" daemon [_thread_blocked, id=9040, stack(0x0000008ce9e00000,0x0000008ce9f00000)]
  0x0000018df6c97bf0 JavaThread "Common-Cleaner" daemon [_thread_blocked, id=15160, stack(0x0000008cea000000,0x0000008cea100000)]
  0x0000018df77d8a90 JavaThread "C2 CompilerThread1" daemon [_thread_in_native, id=13812, stack(0x0000008cea400000,0x0000008cea500000)]

Other Threads:
  0x0000018dd514af20 VMThread "VM Thread" [stack: 0x0000008ce9400000,0x0000008ce9500000] [id=12728]
  0x0000018df6c93970 WatcherThread "VM Periodic Task Thread" [stack: 0x0000008ce9f00000,0x0000008cea000000] [id=6276]
  0x0000018dd5130e60 WorkerThread "GC Thread#0" [stack: 0x0000008ce8f00000,0x0000008ce9000000] [id=9336]
  0x0000018df6cab320 WorkerThread "GC Thread#1" [stack: 0x0000008cea100000,0x0000008cea200000] [id=10368]
  0x0000018df770eb90 WorkerThread "GC Thread#2" [stack: 0x0000008cea200000,0x0000008cea300000] [id=10344]
  0x0000018df753dac0 WorkerThread "GC Thread#3" [stack: 0x0000008cea300000,0x0000008cea400000] [id=3600]
  0x0000018dd5144450 ConcurrentGCThread "G1 Main Marker" [stack: 0x0000008ce9000000,0x0000008ce9100000] [id=14956]
  0x0000018dd51454f0 WorkerThread "G1 Conc#0" [stack: 0x0000008ce9100000,0x0000008ce9200000] [id=8716]
  0x0000018dd5184df0 ConcurrentGCThread "G1 Refine#0" [stack: 0x0000008ce9200000,0x0000008ce9300000] [id=5856]
  0x0000018dd5186620 ConcurrentGCThread "G1 Service" [stack: 0x0000008ce9300000,0x0000008ce9400000] [id=4628]

Threads with active compile tasks:
C2 CompilerThread0     2358 2377       4       org.codehaus.plexus.util.xml.pull.MXParser::parseStartTag (1195 bytes)
C1 CompilerThread0     2358 2474       3       org.apache.maven.model.interpolation.StringVisitorModelInterpolator$ModelVisitor::visit (117 bytes)
C2 CompilerThread1     2358 2387       4       org.codehaus.plexus.util.xml.pull.MXParser::nextImpl (1202 bytes)

VM state: not at safepoint (normal execution)

VM Mutex/Monitor currently owned by a thread: None

Heap address: 0x0000000084400000, size: 1980 MB, Compressed Oops mode: 32-bit

CDS archive(s) mapped at: [0x0000000800000000-0x0000000800ba0000-0x0000000800ba0000), size 12189696, SharedBaseAddress: 0x0000000800000000, ArchiveRelocationMode: 0.
Compressed class space mapped at: 0x0000000800c00000-0x0000000840c00000, reserved size: 1073741824
Narrow klass base: 0x0000000800000000, Narrow klass shift: 0, Narrow klass range: 0x100000000

GC Precious Log:
 CardTable entry size: 512
 Card Set container configuration: InlinePtr #cards 5 size 8 Array Of Cards #cards 12 size 40 Howl #buckets 4 coarsen threshold 1843 Howl Bitmap #cards 512 size 80 coarsen threshold 460 Card regions per heap region 1 cards per card region 2048
 CPUs: 4 total, 4 available
 Memory: 7919M
 Large Page Support: Disabled
 NUMA Support: Disabled
 Compressed Oops: Enabled (32-bit)
 Heap Region Size: 1M
 Heap Min Capacity: 8M
 Heap Initial Capacity: 124M
 Heap Max Capacity: 1980M
 Pre-touch: Disabled
 Parallel Workers: 4
 Concurrent Workers: 1
 Concurrent Refinement Workers: 4
 Periodic GC: Disabled

Heap:
 garbage-first heap   total 126976K, used 16242K [0x0000000084400000, 0x0000000100000000)
  region size 1024K, 14 young (14336K), 3 survivors (3072K)
 Metaspace       used 12508K, committed 12800K, reserved 1114112K
  class space    used 1439K, committed 1600K, reserved 1048576K

Heap Regions: E=young(eden), S=young(survivor), O=old, HS=humongous(starts), HC=humongous(continues), CS=collection set, F=free, OA=open archive, CA=closed archive, TAMS=top-at-mark-start (previous, next)
|   0|0x0000000084400000, 0x0000000084500000, 0x0000000084500000|100%| O|  |TAMS 0x0000000084400000, 0x0000000084400000| Untracked 
|   1|0x0000000084500000, 0x0000000084600000, 0x0000000084600000|100%| O|  |TAMS 0x0000000084500000, 0x0000000084500000| Untracked 
|   2|0x0000000084600000, 0x0000000084700000, 0x0000000084700000|100%| O|  |TAMS 0x0000000084600000, 0x0000000084600000| Untracked 
|   3|0x0000000084700000, 0x0000000084719e00, 0x0000000084800000| 10%| O|  |TAMS 0x0000000084700000, 0x0000000084700000| Untracked 
|   4|0x0000000084800000, 0x0000000084800000, 0x0000000084900000|  0%| F|  |TAMS 0x0000000084800000, 0x0000000084800000| Untracked 
|   5|0x0000000084900000, 0x0000000084900000, 0x0000000084a00000|  0%| F|  |TAMS 0x0000000084900000, 0x0000000084900000| Untracked 
|   6|0x0000000084a00000, 0x0000000084a00000, 0x0000000084b00000|  0%| F|  |TAMS 0x0000000084a00000, 0x0000000084a00000| Untracked 
|   7|0x0000000084b00000, 0x0000000084b00000, 0x0000000084c00000|  0%| F|  |TAMS 0x0000000084b00000, 0x0000000084b00000| Untracked 
|   8|0x0000000084c00000, 0x0000000084c00000, 0x0000000084d00000|  0%| F|  |TAMS 0x0000000084c00000, 0x0000000084c00000| Untracked 
|   9|0x0000000084d00000, 0x0000000084d00000, 0x0000000084e00000|  0%| F|  |TAMS 0x0000000084d00000, 0x0000000084d00000| Untracked 
|  10|0x0000000084e00000, 0x0000000084e00000, 0x0000000084f00000|  0%| F|  |TAMS 0x0000000084e00000, 0x0000000084e00000| Untracked 
|  11|0x0000000084f00000, 0x0000000084f00000, 0x0000000085000000|  0%| F|  |TAMS 0x0000000084f00000, 0x0000000084f00000| Untracked 
|  12|0x0000000085000000, 0x0000000085000000, 0x0000000085100000|  0%| F|  |TAMS 0x0000000085000000, 0x0000000085000000| Untracked 
|  13|0x0000000085100000, 0x0000000085100000, 0x0000000085200000|  0%| F|  |TAMS 0x0000000085100000, 0x0000000085100000| Untracked 
|  14|0x0000000085200000, 0x0000000085200000, 0x0000000085300000|  0%| F|  |TAMS 0x0000000085200000, 0x0000000085200000| Untracked 
|  15|0x0000000085300000, 0x0000000085300000, 0x0000000085400000|  0%| F|  |TAMS 0x0000000085300000, 0x0000000085300000| Untracked 
|  16|0x0000000085400000, 0x0000000085400000, 0x0000000085500000|  0%| F|  |TAMS 0x0000000085400000, 0x0000000085400000| Untracked 
|  17|0x0000000085500000, 0x0000000085500000, 0x0000000085600000|  0%| F|  |TAMS 0x0000000085500000, 0x0000000085500000| Untracked 
|  18|0x0000000085600000, 0x0000000085600000, 0x0000000085700000|  0%| F|  |TAMS 0x0000000085600000, 0x0000000085600000| Untracked 
|  19|0x0000000085700000, 0x0000000085700000, 0x0000000085800000|  0%| F|  |TAMS 0x0000000085700000, 0x0000000085700000| Untracked 
|  20|0x0000000085800000, 0x0000000085800000, 0x0000000085900000|  0%| F|  |TAMS 0x0000000085800000, 0x0000000085800000| Untracked 
|  21|0x0000000085900000, 0x0000000085900000, 0x0000000085a00000|  0%| F|  |TAMS 0x0000000085900000, 0x0000000085900000| Untracked 
|  22|0x0000000085a00000, 0x0000000085a00000, 0x0000000085b00000|  0%| F|  |TAMS 0x0000000085a00000, 0x0000000085a00000| Untracked 
|  23|0x0000000085b00000, 0x0000000085b00000, 0x0000000085c00000|  0%| F|  |TAMS 0x0000000085b00000, 0x0000000085b00000| Untracked 
|  24|0x0000000085c00000, 0x0000000085c00000, 0x0000000085d00000|  0%| F|  |TAMS 0x0000000085c00000, 0x0000000085c00000| Untracked 
|  25|0x0000000085d00000, 0x0000000085d00000, 0x0000000085e00000|  0%| F|  |TAMS 0x0000000085d00000, 0x0000000085d00000| Untracked 
|  26|0x0000000085e00000, 0x0000000085e00000, 0x0000000085f00000|  0%| F|  |TAMS 0x0000000085e00000, 0x0000000085e00000| Untracked 
|  27|0x0000000085f00000, 0x0000000085f00000, 0x0000000086000000|  0%| F|  |TAMS 0x0000000085f00000, 0x0000000085f00000| Untracked 
|  28|0x0000000086000000, 0x0000000086000000, 0x0000000086100000|  0%| F|  |TAMS 0x0000000086000000, 0x0000000086000000| Untracked 
|  29|0x0000000086100000, 0x0000000086100000, 0x0000000086200000|  0%| F|  |TAMS 0x0000000086100000, 0x0000000086100000| Untracked 
|  30|0x0000000086200000, 0x0000000086200000, 0x0000000086300000|  0%| F|  |TAMS 0x0000000086200000, 0x0000000086200000| Untracked 
|  31|0x0000000086300000, 0x0000000086300000, 0x0000000086400000|  0%| F|  |TAMS 0x0000000086300000, 0x0000000086300000| Untracked 
|  32|0x0000000086400000, 0x0000000086400000, 0x0000000086500000|  0%| F|  |TAMS 0x0000000086400000, 0x0000000086400000| Untracked 
|  33|0x0000000086500000, 0x0000000086500000, 0x0000000086600000|  0%| F|  |TAMS 0x0000000086500000, 0x0000000086500000| Untracked 
|  34|0x0000000086600000, 0x0000000086600000, 0x0000000086700000|  0%| F|  |TAMS 0x0000000086600000, 0x0000000086600000| Untracked 
|  35|0x0000000086700000, 0x0000000086700000, 0x0000000086800000|  0%| F|  |TAMS 0x0000000086700000, 0x0000000086700000| Untracked 
|  36|0x0000000086800000, 0x0000000086800000, 0x0000000086900000|  0%| F|  |TAMS 0x0000000086800000, 0x0000000086800000| Untracked 
|  37|0x0000000086900000, 0x0000000086900000, 0x0000000086a00000|  0%| F|  |TAMS 0x0000000086900000, 0x0000000086900000| Untracked 
|  38|0x0000000086a00000, 0x0000000086a00000, 0x0000000086b00000|  0%| F|  |TAMS 0x0000000086a00000, 0x0000000086a00000| Untracked 
|  39|0x0000000086b00000, 0x0000000086b00000, 0x0000000086c00000|  0%| F|  |TAMS 0x0000000086b00000, 0x0000000086b00000| Untracked 
|  40|0x0000000086c00000, 0x0000000086c00000, 0x0000000086d00000|  0%| F|  |TAMS 0x0000000086c00000, 0x0000000086c00000| Untracked 
|  41|0x0000000086d00000, 0x0000000086d00000, 0x0000000086e00000|  0%| F|  |TAMS 0x0000000086d00000, 0x0000000086d00000| Untracked 
|  42|0x0000000086e00000, 0x0000000086e00000, 0x0000000086f00000|  0%| F|  |TAMS 0x0000000086e00000, 0x0000000086e00000| Untracked 
|  43|0x0000000086f00000, 0x0000000086f00000, 0x0000000087000000|  0%| F|  |TAMS 0x0000000086f00000, 0x0000000086f00000| Untracked 
|  44|0x0000000087000000, 0x0000000087000000, 0x0000000087100000|  0%| F|  |TAMS 0x0000000087000000, 0x0000000087000000| Untracked 
|  45|0x0000000087100000, 0x0000000087100000, 0x0000000087200000|  0%| F|  |TAMS 0x0000000087100000, 0x0000000087100000| Untracked 
|  46|0x0000000087200000, 0x0000000087200000, 0x0000000087300000|  0%| F|  |TAMS 0x0000000087200000, 0x0000000087200000| Untracked 
|  47|0x0000000087300000, 0x0000000087300000, 0x0000000087400000|  0%| F|  |TAMS 0x0000000087300000, 0x0000000087300000| Untracked 
|  48|0x0000000087400000, 0x0000000087400000, 0x0000000087500000|  0%| F|  |TAMS 0x0000000087400000, 0x0000000087400000| Untracked 
|  49|0x0000000087500000, 0x0000000087500000, 0x0000000087600000|  0%| F|  |TAMS 0x0000000087500000, 0x0000000087500000| Untracked 
|  50|0x0000000087600000, 0x0000000087600000, 0x0000000087700000|  0%| F|  |TAMS 0x0000000087600000, 0x0000000087600000| Untracked 
|  51|0x0000000087700000, 0x0000000087700000, 0x0000000087800000|  0%| F|  |TAMS 0x0000000087700000, 0x0000000087700000| Untracked 
|  52|0x0000000087800000, 0x0000000087800000, 0x0000000087900000|  0%| F|  |TAMS 0x0000000087800000, 0x0000000087800000| Untracked 
|  53|0x0000000087900000, 0x0000000087900000, 0x0000000087a00000|  0%| F|  |TAMS 0x0000000087900000, 0x0000000087900000| Untracked 
|  54|0x0000000087a00000, 0x0000000087a00000, 0x0000000087b00000|  0%| F|  |TAMS 0x0000000087a00000, 0x0000000087a00000| Untracked 
|  55|0x0000000087b00000, 0x0000000087b00000, 0x0000000087c00000|  0%| F|  |TAMS 0x0000000087b00000, 0x0000000087b00000| Untracked 
|  56|0x0000000087c00000, 0x0000000087c00000, 0x0000000087d00000|  0%| F|  |TAMS 0x0000000087c00000, 0x0000000087c00000| Untracked 
|  57|0x0000000087d00000, 0x0000000087d00000, 0x0000000087e00000|  0%| F|  |TAMS 0x0000000087d00000, 0x0000000087d00000| Untracked 
|  58|0x0000000087e00000, 0x0000000087e00000, 0x0000000087f00000|  0%| F|  |TAMS 0x0000000087e00000, 0x0000000087e00000| Untracked 
|  59|0x0000000087f00000, 0x0000000087f00000, 0x0000000088000000|  0%| F|  |TAMS 0x0000000087f00000, 0x0000000087f00000| Untracked 
|  60|0x0000000088000000, 0x0000000088000000, 0x0000000088100000|  0%| F|  |TAMS 0x0000000088000000, 0x0000000088000000| Untracked 
|  61|0x0000000088100000, 0x0000000088100000, 0x0000000088200000|  0%| F|  |TAMS 0x0000000088100000, 0x0000000088100000| Untracked 
|  62|0x0000000088200000, 0x0000000088200000, 0x0000000088300000|  0%| F|  |TAMS 0x0000000088200000, 0x0000000088200000| Untracked 
|  63|0x0000000088300000, 0x0000000088300000, 0x0000000088400000|  0%| F|  |TAMS 0x0000000088300000, 0x0000000088300000| Untracked 
|  64|0x0000000088400000, 0x0000000088400000, 0x0000000088500000|  0%| F|  |TAMS 0x0000000088400000, 0x0000000088400000| Untracked 
|  65|0x0000000088500000, 0x0000000088500000, 0x0000000088600000|  0%| F|  |TAMS 0x0000000088500000, 0x0000000088500000| Untracked 
|  66|0x0000000088600000, 0x0000000088600000, 0x0000000088700000|  0%| F|  |TAMS 0x0000000088600000, 0x0000000088600000| Untracked 
|  67|0x0000000088700000, 0x0000000088700000, 0x0000000088800000|  0%| F|  |TAMS 0x0000000088700000, 0x0000000088700000| Untracked 
|  68|0x0000000088800000, 0x0000000088800000, 0x0000000088900000|  0%| F|  |TAMS 0x0000000088800000, 0x0000000088800000| Untracked 
|  69|0x0000000088900000, 0x0000000088900000, 0x0000000088a00000|  0%| F|  |TAMS 0x0000000088900000, 0x0000000088900000| Untracked 
|  70|0x0000000088a00000, 0x0000000088a00000, 0x0000000088b00000|  0%| F|  |TAMS 0x0000000088a00000, 0x0000000088a00000| Untracked 
|  71|0x0000000088b00000, 0x0000000088b00000, 0x0000000088c00000|  0%| F|  |TAMS 0x0000000088b00000, 0x0000000088b00000| Untracked 
|  72|0x0000000088c00000, 0x0000000088c00000, 0x0000000088d00000|  0%| F|  |TAMS 0x0000000088c00000, 0x0000000088c00000| Untracked 
|  73|0x0000000088d00000, 0x0000000088d00000, 0x0000000088e00000|  0%| F|  |TAMS 0x0000000088d00000, 0x0000000088d00000| Untracked 
|  74|0x0000000088e00000, 0x0000000088e00000, 0x0000000088f00000|  0%| F|  |TAMS 0x0000000088e00000, 0x0000000088e00000| Untracked 
|  75|0x0000000088f00000, 0x0000000088f00000, 0x0000000089000000|  0%| F|  |TAMS 0x0000000088f00000, 0x0000000088f00000| Untracked 
|  76|0x0000000089000000, 0x0000000089000000, 0x0000000089100000|  0%| F|  |TAMS 0x0000000089000000, 0x0000000089000000| Untracked 
|  77|0x0000000089100000, 0x0000000089100000, 0x0000000089200000|  0%| F|  |TAMS 0x0000000089100000, 0x0000000089100000| Untracked 
|  78|0x0000000089200000, 0x0000000089200000, 0x0000000089300000|  0%| F|  |TAMS 0x0000000089200000, 0x0000000089200000| Untracked 
|  79|0x0000000089300000, 0x0000000089300000, 0x0000000089400000|  0%| F|  |TAMS 0x0000000089300000, 0x0000000089300000| Untracked 
|  80|0x0000000089400000, 0x0000000089400000, 0x0000000089500000|  0%| F|  |TAMS 0x0000000089400000, 0x0000000089400000| Untracked 
|  81|0x0000000089500000, 0x0000000089500000, 0x0000000089600000|  0%| F|  |TAMS 0x0000000089500000, 0x0000000089500000| Untracked 
|  82|0x0000000089600000, 0x0000000089600000, 0x0000000089700000|  0%| F|  |TAMS 0x0000000089600000, 0x0000000089600000| Untracked 
|  83|0x0000000089700000, 0x0000000089700000, 0x0000000089800000|  0%| F|  |TAMS 0x0000000089700000, 0x0000000089700000| Untracked 
|  84|0x0000000089800000, 0x0000000089800000, 0x0000000089900000|  0%| F|  |TAMS 0x0000000089800000, 0x0000000089800000| Untracked 
|  85|0x0000000089900000, 0x0000000089900000, 0x0000000089a00000|  0%| F|  |TAMS 0x0000000089900000, 0x0000000089900000| Untracked 
|  86|0x0000000089a00000, 0x0000000089a00000, 0x0000000089b00000|  0%| F|  |TAMS 0x0000000089a00000, 0x0000000089a00000| Untracked 
|  87|0x0000000089b00000, 0x0000000089b00000, 0x0000000089c00000|  0%| F|  |TAMS 0x0000000089b00000, 0x0000000089b00000| Untracked 
|  88|0x0000000089c00000, 0x0000000089c00000, 0x0000000089d00000|  0%| F|  |TAMS 0x0000000089c00000, 0x0000000089c00000| Untracked 
|  89|0x0000000089d00000, 0x0000000089d00000, 0x0000000089e00000|  0%| F|  |TAMS 0x0000000089d00000, 0x0000000089d00000| Untracked 
|  90|0x0000000089e00000, 0x0000000089e00000, 0x0000000089f00000|  0%| F|  |TAMS 0x0000000089e00000, 0x0000000089e00000| Untracked 
|  91|0x0000000089f00000, 0x0000000089f00000, 0x000000008a000000|  0%| F|  |TAMS 0x0000000089f00000, 0x0000000089f00000| Untracked 
|  92|0x000000008a000000, 0x000000008a0c2a10, 0x000000008a100000| 76%| S|CS|TAMS 0x000000008a000000, 0x000000008a000000| Complete 
|  93|0x000000008a100000, 0x000000008a200000, 0x000000008a200000|100%| S|CS|TAMS 0x000000008a100000, 0x000000008a100000| Complete 
|  94|0x000000008a200000, 0x000000008a300000, 0x000000008a300000|100%| S|CS|TAMS 0x000000008a200000, 0x000000008a200000| Complete 
|  95|0x000000008a300000, 0x000000008a300000, 0x000000008a400000|  0%| F|  |TAMS 0x000000008a300000, 0x000000008a300000| Untracked 
|  96|0x000000008a400000, 0x000000008a400000, 0x000000008a500000|  0%| F|  |TAMS 0x000000008a400000, 0x000000008a400000| Untracked 
|  97|0x000000008a500000, 0x000000008a500000, 0x000000008a600000|  0%| F|  |TAMS 0x000000008a500000, 0x000000008a500000| Untracked 
|  98|0x000000008a600000, 0x000000008a600000, 0x000000008a700000|  0%| F|  |TAMS 0x000000008a600000, 0x000000008a600000| Untracked 
|  99|0x000000008a700000, 0x000000008a700000, 0x000000008a800000|  0%| F|  |TAMS 0x000000008a700000, 0x000000008a700000| Untracked 
| 100|0x000000008a800000, 0x000000008a800000, 0x000000008a900000|  0%| F|  |TAMS 0x000000008a800000, 0x000000008a800000| Untracked 
| 101|0x000000008a900000, 0x000000008a900000, 0x000000008aa00000|  0%| F|  |TAMS 0x000000008a900000, 0x000000008a900000| Untracked 
| 102|0x000000008aa00000, 0x000000008aa00000, 0x000000008ab00000|  0%| F|  |TAMS 0x000000008aa00000, 0x000000008aa00000| Untracked 
| 103|0x000000008ab00000, 0x000000008ab00000, 0x000000008ac00000|  0%| F|  |TAMS 0x000000008ab00000, 0x000000008ab00000| Untracked 
| 104|0x000000008ac00000, 0x000000008ac00000, 0x000000008ad00000|  0%| F|  |TAMS 0x000000008ac00000, 0x000000008ac00000| Untracked 
| 105|0x000000008ad00000, 0x000000008ad00000, 0x000000008ae00000|  0%| F|  |TAMS 0x000000008ad00000, 0x000000008ad00000| Untracked 
| 106|0x000000008ae00000, 0x000000008ae00000, 0x000000008af00000|  0%| F|  |TAMS 0x000000008ae00000, 0x000000008ae00000| Untracked 
| 107|0x000000008af00000, 0x000000008af00000, 0x000000008b000000|  0%| F|  |TAMS 0x000000008af00000, 0x000000008af00000| Untracked 
| 108|0x000000008b000000, 0x000000008b000000, 0x000000008b100000|  0%| F|  |TAMS 0x000000008b000000, 0x000000008b000000| Untracked 
| 109|0x000000008b100000, 0x000000008b100000, 0x000000008b200000|  0%| F|  |TAMS 0x000000008b100000, 0x000000008b100000| Untracked 
| 110|0x000000008b200000, 0x000000008b200000, 0x000000008b300000|  0%| F|  |TAMS 0x000000008b200000, 0x000000008b200000| Untracked 
| 111|0x000000008b300000, 0x000000008b300000, 0x000000008b400000|  0%| F|  |TAMS 0x000000008b300000, 0x000000008b300000| Untracked 
| 112|0x000000008b400000, 0x000000008b400000, 0x000000008b500000|  0%| F|  |TAMS 0x000000008b400000, 0x000000008b400000| Untracked 
| 113|0x000000008b500000, 0x000000008b600000, 0x000000008b600000|100%| E|  |TAMS 0x000000008b500000, 0x000000008b500000| Complete 
| 114|0x000000008b600000, 0x000000008b700000, 0x000000008b700000|100%| E|CS|TAMS 0x000000008b600000, 0x000000008b600000| Complete 
| 115|0x000000008b700000, 0x000000008b800000, 0x000000008b800000|100%| E|CS|TAMS 0x000000008b700000, 0x000000008b700000| Complete 
| 116|0x000000008b800000, 0x000000008b900000, 0x000000008b900000|100%| E|CS|TAMS 0x000000008b800000, 0x000000008b800000| Complete 
| 117|0x000000008b900000, 0x000000008ba00000, 0x000000008ba00000|100%| E|CS|TAMS 0x000000008b900000, 0x000000008b900000| Complete 
| 118|0x000000008ba00000, 0x000000008bb00000, 0x000000008bb00000|100%| E|CS|TAMS 0x000000008ba00000, 0x000000008ba00000| Complete 
| 119|0x000000008bb00000, 0x000000008bc00000, 0x000000008bc00000|100%| E|CS|TAMS 0x000000008bb00000, 0x000000008bb00000| Complete 
| 120|0x000000008bc00000, 0x000000008bd00000, 0x000000008bd00000|100%| E|CS|TAMS 0x000000008bc00000, 0x000000008bc00000| Complete 
| 121|0x000000008bd00000, 0x000000008be00000, 0x000000008be00000|100%| E|CS|TAMS 0x000000008bd00000, 0x000000008bd00000| Complete 
| 122|0x000000008be00000, 0x000000008bf00000, 0x000000008bf00000|100%| E|CS|TAMS 0x000000008be00000, 0x000000008be00000| Complete 
| 123|0x000000008bf00000, 0x000000008c000000, 0x000000008c000000|100%| E|CS|TAMS 0x000000008bf00000, 0x000000008bf00000| Complete 

Card table byte_map: [0x0000018debde0000,0x0000018dec1c0000] _byte_map_base: 0x0000018deb9be000

Marking Bits (Prev, Next): (CMBitMap*) 0x0000018dd5133390, (CMBitMap*) 0x0000018dd51333d0
 Prev Bits: [0x0000018dec5a0000, 0x0000018dee490000)
 Next Bits: [0x0000018dee490000, 0x0000018df0380000)

Polling page: 0x0000018dd3050000

Metaspace:

Usage:
  Non-class:     10.83 MB used.
      Class:      1.41 MB used.
       Both:     12.24 MB used.

Virtual space:
  Non-class space:       64.00 MB reserved,      11.00 MB ( 17%) committed,  1 nodes.
      Class space:        1.00 GB reserved,       1.56 MB ( <1%) committed,  1 nodes.
             Both:        1.06 GB reserved,      12.56 MB (  1%) committed. 

Chunk freelists:
   Non-Class:  3.73 MB
       Class:  2.47 MB
        Both:  6.20 MB

MaxMetaspaceSize: unlimited
CompressedClassSpaceSize: 1.00 GB
Initial GC threshold: 21.00 MB
Current GC threshold: 21.00 MB
CDS: on
MetaspaceReclaimPolicy: balanced
 - commit_granule_bytes: 65536.
 - commit_granule_words: 8192.
 - virtual_space_node_default_size: 8388608.
 - enlarge_chunks_in_place: 1.
 - new_chunks_are_fully_committed: 0.
 - uncommit_free_chunks: 1.
 - use_allocation_guard: 0.


Internal statistics:

num_allocs_failed_limit: 0.
num_arena_births: 236.
num_arena_deaths: 0.
num_vsnodes_births: 2.
num_vsnodes_deaths: 0.
num_space_committed: 201.
num_space_uncommitted: 0.
num_chunks_returned_to_freelist: 0.
num_chunks_taken_from_freelist: 648.
num_chunk_merges: 0.
num_chunk_splits: 471.
num_chunks_enlarged: 361.
num_inconsistent_stats: 0.

CodeHeap 'non-profiled nmethods': size=120000Kb used=822Kb max_used=822Kb free=119177Kb
 bounds [0x0000018de44d0000, 0x0000018de4740000, 0x0000018deba00000]
CodeHeap 'profiled nmethods': size=120000Kb used=4858Kb max_used=4858Kb free=115141Kb
 bounds [0x0000018ddcfa0000, 0x0000018ddd460000, 0x0000018de44d0000]
CodeHeap 'non-nmethods': size=5760Kb used=1182Kb max_used=1209Kb free=4577Kb
 bounds [0x0000018ddca00000, 0x0000018ddcc70000, 0x0000018ddcfa0000]
 total_blobs=2929 nmethods=2468 adapters=373
 compilation: enabled
              stopped_count=0, restarted_count=0
 full_count=0

Compilation events (20 events):
Event: 2.310 Thread 0x0000018df280bc20 nmethod 2422 0x0000018de459b590 code [0x0000018de459b720, 0x0000018de459b7f8]
Event: 2.310 Thread 0x0000018df280bc20 2427       3       org.codehaus.plexus.configuration.DefaultPlexusConfiguration::add (100 bytes)
Event: 2.311 Thread 0x0000018df280bc20 nmethod 2427 0x0000018ddd449590 code [0x0000018ddd449820, 0x0000018ddd44a768]
Event: 2.311 Thread 0x0000018df280bc20 2431       3       org.codehaus.plexus.configuration.DefaultPlexusConfiguration::getChild (47 bytes)
Event: 2.311 Thread 0x0000018df280bc20 nmethod 2431 0x0000018ddd44ac10 code [0x0000018ddd44ae20, 0x0000018ddd44b4f8]
Event: 2.311 Thread 0x0000018df280bc20 2432       3       org.codehaus.plexus.configuration.DefaultPlexusConfiguration::getChild (7 bytes)
Event: 2.312 Thread 0x0000018df280bc20 nmethod 2432 0x0000018ddd44b690 code [0x0000018ddd44b820, 0x0000018ddd44b968]
Event: 2.312 Thread 0x0000018df280bc20 2433       3       org.apache.maven.plugin.descriptor.Parameter::equals (30 bytes)
Event: 2.312 Thread 0x0000018df280bc20 nmethod 2433 0x0000018ddd44ba10 code [0x0000018ddd44bbe0, 0x0000018ddd44c008]
Event: 2.317 Thread 0x0000018df280bc20 2435       3       com.google.common.cache.LocalCache$LoadingValueReference::notifyNewValue (21 bytes)
Event: 2.317 Thread 0x0000018df280bc20 nmethod 2435 0x0000018ddd44c110 code [0x0000018ddd44c2e0, 0x0000018ddd44c628]
Event: 2.317 Thread 0x0000018df280bc20 2436       3       com.google.common.cache.LocalCache$Segment::recordWrite (72 bytes)
Event: 2.318 Thread 0x0000018df280bc20 nmethod 2436 0x0000018ddd44c790 code [0x0000018ddd44c9c0, 0x0000018ddd44d2e8]
Event: 2.318 Thread 0x0000018df280bc20 2437       3       java.lang.invoke.MethodHandle::asType (32 bytes)
Event: 2.319 Thread 0x0000018df280bc20 nmethod 2437 0x0000018ddd44d590 code [0x0000018ddd44d7c0, 0x0000018ddd44dee8]
Event: 2.319 Thread 0x0000018df280bc20 2438       3       com.google.inject.internal.Annotations::isRetainedAtRuntime (32 bytes)
Event: 2.319 Thread 0x0000018df280bc20 nmethod 2438 0x0000018ddd44e110 code [0x0000018ddd44e300, 0x0000018ddd44e908]
Event: 2.320 Thread 0x0000018df280bc20 2439       3       java.lang.invoke.MethodHandle::keepsAlive (49 bytes)
Event: 2.321 Thread 0x0000018df280bc20 nmethod 2439 0x0000018ddd44eb10 code [0x0000018ddd44ed80, 0x0000018ddd44f918]
Event: 2.321 Thread 0x0000018df280bc20 2440       3       java.lang.reflect.AccessibleObject::checkPermission (16 bytes)

GC Heap History (6 events):
Event: 0.633 GC heap before
{Heap before GC invocations=0 (full 0):
 garbage-first heap   total 126976K, used 12288K [0x0000000084400000, 0x0000000100000000)
  region size 1024K, 13 young (13312K), 0 survivors (0K)
 Metaspace       used 3676K, committed 3776K, reserved 1114112K
  class space    used 392K, committed 448K, reserved 1048576K
}
Event: 0.641 GC heap after
{Heap after GC invocations=1 (full 0):
 garbage-first heap   total 126976K, used 3136K [0x0000000084400000, 0x0000000100000000)
  region size 1024K, 2 young (2048K), 2 survivors (2048K)
 Metaspace       used 3676K, committed 3776K, reserved 1114112K
  class space    used 392K, committed 448K, reserved 1048576K
}
Event: 0.975 GC heap before
{Heap before GC invocations=1 (full 0):
 garbage-first heap   total 126976K, used 16448K [0x0000000084400000, 0x0000000100000000)
  region size 1024K, 15 young (15360K), 2 survivors (2048K)
 Metaspace       used 5281K, committed 5504K, reserved 1114112K
  class space    used 605K, committed 704K, reserved 1048576K
}
Event: 0.981 GC heap after
{Heap after GC invocations=2 (full 0):
 garbage-first heap   total 126976K, used 3885K [0x0000000084400000, 0x0000000100000000)
  region size 1024K, 1 young (1024K), 1 survivors (1024K)
 Metaspace       used 5281K, committed 5504K, reserved 1114112K
  class space    used 605K, committed 704K, reserved 1048576K
}
Event: 1.949 GC heap before
{Heap before GC invocations=2 (full 0):
 garbage-first heap   total 126976K, used 32557K [0x0000000084400000, 0x0000000100000000)
  region size 1024K, 29 young (29696K), 1 survivors (1024K)
 Metaspace       used 10366K, committed 10560K, reserved 1114112K
  class space    used 1242K, committed 1344K, reserved 1048576K
}
Event: 1.958 GC heap after
{Heap after GC invocations=3 (full 0):
 garbage-first heap   total 126976K, used 6002K [0x0000000084400000, 0x0000000100000000)
  region size 1024K, 3 young (3072K), 3 survivors (3072K)
 Metaspace       used 10366K, committed 10560K, reserved 1114112K
  class space    used 1242K, committed 1344K, reserved 1048576K
}

Deoptimization events (20 events):
Event: 2.254 Thread 0x0000018dd50d5530 DEOPT PACKING pc=0x0000018de4550d5c sp=0x0000008ce8efe130
Event: 2.254 Thread 0x0000018dd50d5530 DEOPT UNPACKING pc=0x0000018ddca523a3 sp=0x0000008ce8efe0d0 mode 2
Event: 2.273 Thread 0x0000018dd50d5530 Uncommon trap: trap_request=0xffffff45 fr.pc=0x0000018de451fae8 relative=0x00000000000004a8
Event: 2.273 Thread 0x0000018dd50d5530 Uncommon trap: reason=unstable_if action=reinterpret pc=0x0000018de451fae8 method=java.lang.String.decodeASCII([BI[CII)I @ 7 c2
Event: 2.273 Thread 0x0000018dd50d5530 DEOPT PACKING pc=0x0000018de451fae8 sp=0x0000008ce8efd810
Event: 2.273 Thread 0x0000018dd50d5530 DEOPT UNPACKING pc=0x0000018ddca523a3 sp=0x0000008ce8efd638 mode 2
Event: 2.278 Thread 0x0000018dd50d5530 DEOPT PACKING pc=0x0000018ddd04806e sp=0x0000008ce8efd8d0
Event: 2.278 Thread 0x0000018dd50d5530 DEOPT UNPACKING pc=0x0000018ddca52b43 sp=0x0000008ce8efcdf0 mode 0
Event: 2.295 Thread 0x0000018dd50d5530 Uncommon trap: trap_request=0xffffff45 fr.pc=0x0000018de45416ec relative=0x000000000000034c
Event: 2.295 Thread 0x0000018dd50d5530 Uncommon trap: reason=unstable_if action=reinterpret pc=0x0000018de45416ec method=java.util.jar.JarFile.match([B[B[B[B)I @ 29 c2
Event: 2.295 Thread 0x0000018dd50d5530 DEOPT PACKING pc=0x0000018de45416ec sp=0x0000008ce8efe4b0
Event: 2.295 Thread 0x0000018dd50d5530 DEOPT UNPACKING pc=0x0000018ddca523a3 sp=0x0000008ce8efe428 mode 2
Event: 2.295 Thread 0x0000018dd50d5530 Uncommon trap: trap_request=0x000001bb fr.pc=0x0000018de44ff640 relative=0x0000000000000860
Event: 2.295 Thread 0x0000018dd50d5530 Uncommon trap: reason=unloaded action=reinterpret pc=0x0000018de44ff640 method=java.util.jar.JarFile.checkForSpecialAttributes()V @ 99 c2
Event: 2.295 Thread 0x0000018dd50d5530 DEOPT PACKING pc=0x0000018de44ff640 sp=0x0000008ce8efe510
Event: 2.295 Thread 0x0000018dd50d5530 DEOPT UNPACKING pc=0x0000018ddca523a3 sp=0x0000008ce8efe410 mode 2
Event: 2.297 Thread 0x0000018dd50d5530 DEOPT PACKING pc=0x0000018ddd04806e sp=0x0000008ce8efe060
Event: 2.298 Thread 0x0000018dd50d5530 DEOPT UNPACKING pc=0x0000018ddca52b43 sp=0x0000008ce8efd580 mode 0
Event: 2.301 Thread 0x0000018dd50d5530 DEOPT PACKING pc=0x0000018ddd04806e sp=0x0000008ce8efe060
Event: 2.301 Thread 0x0000018dd50d5530 DEOPT UNPACKING pc=0x0000018ddca52b43 sp=0x0000008ce8efd580 mode 0

Classes loaded (20 events):
Event: 2.167 Loading class java/util/spi/ResourceBundleProvider
Event: 2.167 Loading class java/util/spi/ResourceBundleProvider done
Event: 2.167 Loading class sun/util/resources/LocaleData$LocaleDataResourceBundleProvider done
Event: 2.167 Loading class sun/util/resources/LocaleData$CommonResourceBundleProvider done
Event: 2.167 Loading class sun/util/resources/Bundles$2
Event: 2.168 Loading class sun/util/resources/Bundles$2 done
Event: 2.206 Loading class java/math/BigDecimal
Event: 2.206 Loading class java/math/BigDecimal done
Event: 2.207 Loading class java/lang/Short$ShortCache
Event: 2.207 Loading class java/lang/Short$ShortCache done
Event: 2.207 Loading class java/lang/Byte$ByteCache
Event: 2.207 Loading class java/lang/Byte$ByteCache done
Event: 2.211 Loading class sun/invoke/util/ValueConversions$1
Event: 2.211 Loading class sun/invoke/util/ValueConversions$1 done
Event: 2.211 Loading class java/lang/invoke/BoundMethodHandle$Species_LI
Event: 2.211 Loading class java/lang/invoke/BoundMethodHandle$Species_LI done
Event: 2.241 Loading class java/util/LinkedList$ListItr
Event: 2.241 Loading class java/util/LinkedList$ListItr done
Event: 2.266 Loading class java/util/Formatter$FixedString
Event: 2.266 Loading class java/util/Formatter$FixedString done

Classes unloaded (0 events):
No events

Classes redefined (0 events):
No events

Internal exceptions (20 events):
Event: 0.193 Thread 0x0000018dd50d5530 Exception <a 'java/lang/NullPointerException'{0x000000008bb12b30}> (0x000000008bb12b30) 
thrown [t:\workspace\open\src\hotspot\share\interpreter\linkResolver.cpp, line 1357]
Event: 0.193 Thread 0x0000018dd50d5530 Exception <a 'java/lang/NullPointerException'{0x000000008bb12e08}> (0x000000008bb12e08) 
thrown [t:\workspace\open\src\hotspot\share\interpreter\linkResolver.cpp, line 1357]
Event: 0.680 Thread 0x0000018dd50d5530 Exception <a 'java/lang/NoSuchMethodError'{0x000000008bfec560}: 'java.lang.Object java.lang.invoke.DirectMethodHandle$Holder.newInvokeSpecial(java.lang.Object, java.lang.Object, java.lang.Object, java.lang.Object, java.lang.Object)'> (0x000000008bfec560) 
thrown [t:\workspace\open\src\hotspot\share\interpreter\linkResolver.cpp, line 766]
Event: 0.737 Thread 0x0000018dd50d5530 Exception <a 'java/lang/NoClassDefFoundError'{0x000000008bd45bf0}: javax/enterprise/inject/Typed> (0x000000008bd45bf0) 
thrown [t:\workspace\open\src\hotspot\share\classfile\systemDictionary.cpp, line 244]
Event: 1.706 Thread 0x0000018dd50d5530 Exception <a 'java/lang/NoSuchMethodError'{0x000000008a769b50}: 'void java.lang.invoke.DirectMethodHandle$Holder.invokeSpecial(java.lang.Object, java.lang.Object, java.lang.Object)'> (0x000000008a769b50) 
thrown [t:\workspace\open\src\hotspot\share\interpreter\linkResolver.cpp, line 766]
Event: 1.712 Thread 0x0000018dd50d5530 Exception <a 'java/lang/NoSuchMethodError'{0x000000008a792030}: 'void java.lang.invoke.Invokers$Holder.invokeExact_MT(java.lang.Object, java.lang.Object, java.lang.Object, java.lang.Object)'> (0x000000008a792030) 
thrown [t:\workspace\open\src\hotspot\share\interpreter\linkResolver.cpp, line 766]
Event: 1.738 Thread 0x0000018dd50d5530 Exception <a 'java/lang/NoClassDefFoundError'{0x000000008a61e328}: com/google/inject/servlet/ServletModuleTargetVisitor> (0x000000008a61e328) 
thrown [t:\workspace\open\src\hotspot\share\classfile\systemDictionary.cpp, line 244]
Event: 1.784 Thread 0x0000018dd50d5530 Exception <a 'java/lang/NoSuchMethodError'{0x000000008a5012f0}: 'java.lang.Object java.lang.invoke.DirectMethodHandle$Holder.invokeStatic(java.lang.Object, java.lang.Object, int)'> (0x000000008a5012f0) 
thrown [t:\workspace\open\src\hotspot\share\interpreter\linkResolver.cpp, line 766]
Event: 1.787 Thread 0x0000018dd50d5530 Exception <a 'java/lang/NoSuchMethodError'{0x000000008a50d700}: 'void java.lang.invoke.DelegatingMethodHandle$Holder.delegate(java.lang.Object, java.lang.Object, int, java.lang.Object)'> (0x000000008a50d700) 
thrown [t:\workspace\open\src\hotspot\share\interpreter\linkResolver.cpp, line 766]
Event: 1.788 Thread 0x0000018dd50d5530 Exception <a 'java/lang/NoSuchMethodError'{0x000000008a5122d0}: 'int java.lang.invoke.DirectMethodHandle$Holder.invokeSpecial(java.lang.Object, java.lang.Object, java.lang.Object)'> (0x000000008a5122d0) 
thrown [t:\workspace\open\src\hotspot\share\interpreter\linkResolver.cpp, line 766]
Event: 1.838 Thread 0x0000018dd50d5530 Exception <a 'java/lang/NoSuchMethodError'{0x000000008a45c3d8}: 'java.lang.Object java.lang.invoke.DirectMethodHandle$Holder.newInvokeSpecial(java.lang.Object, java.lang.Object, java.lang.Object, java.lang.Object, java.lang.Object, java.lang.Object, java.lang.Object)'> (0x000000008a45c3d8) 
thrown [t:\workspace\open\src\hotspot\share\interpreter\linkResolver.cpp, line 766]
Event: 1.855 Thread 0x0000018dd50d5530 Exception <a 'java/lang/NoSuchMethodError'{0x000000008a49ab90}: 'java.lang.Object java.lang.invoke.DirectMethodHandle$Holder.newInvokeSpecial(java.lang.Object, java.lang.Object, java.lang.Object, java.lang.Object, java.lang.Object, java.lang.Object, java.lang.Object, java.lang.Object, java.lang.Object)'> (0x000000008a49ab90) 
thrown [t:\workspace\open\src\hotspot\share\interpreter\linkResolver.cpp, line 766]
Event: 1.856 Thread 0x0000018dd50d5530 Exception <a 'java/lang/NoSuchMethodError'{0x000000008a4a0ea0}: 'java.lang.Object java.lang.invoke.DirectMethodHandle$Holder.invokeSpecial(java.lang.Object, java.lang.Object, java.lang.Object, java.lang.Object, java.lang.Object, java.lang.Object, java.lang.Object, java.lang.Object, java.lang.Object, java.lang.Object)'> (0x000000008a4a0ea0) 
thrown [t:\workspace\open\src\hotspot\share\interpreter\linkResolver.cpp, line 766]
Event: 1.898 Thread 0x0000018dd50d5530 Exception <a 'java/lang/NoSuchMethodError'{0x000000008a34ff10}: 'java.lang.Object java.lang.invoke.DirectMethodHandle$Holder.newInvokeSpecial(java.lang.Object, java.lang.Object, java.lang.Object, java.lang.Object, java.lang.Object, java.lang.Object, java.lang.Object, java.lang.Object, java.lang.Object, java.lang.Object, java.lang.Object, java.lang.Object)'> (0x000000008a34ff10) 
thrown [t:\workspace\open\src\hotspot\share\interpreter\linkResolver.cpp, line 766]
Event: 1.903 Thread 0x0000018dd50d5530 Exception <a 'java/lang/NoSuchMethodError'{0x000000008a356040}: 'java.lang.Object java.lang.invoke.DirectMethodHandle$Holder.invokeSpecial(java.lang.Object, java.lang.Object, java.lang.Object, java.lang.Object, java.lang.Object, java.lang.Object, java.lang.Object, java.lang.Object, java.lang.Object, java.lang.Object, java.lang.Object, java.lang.Object, java.lang.Object)'> (0x000000008a356040) 
thrown [t:\workspace\open\src\hotspot\share\interpreter\linkResolver.cpp, line 766]
Event: 1.961 Thread 0x0000018dd50d5530 Exception <a 'java/lang/NoSuchMethodError'{0x000000008bf0b0e0}: 'java.lang.Object java.lang.invoke.DirectMethodHandle$Holder.invokeStaticInit(java.lang.Object, int, int, int, int)'> (0x000000008bf0b0e0) 
thrown [t:\workspace\open\src\hotspot\share\interpreter\linkResolver.cpp, line 766]
Event: 2.210 Thread 0x0000018dd50d5530 Exception <a 'java/lang/NoSuchMethodError'{0x000000008b9299d8}: 'void java.lang.invoke.DirectMethodHandle$Holder.invokeVirtual(java.lang.Object, java.lang.Object, int)'> (0x000000008b9299d8) 
thrown [t:\workspace\open\src\hotspot\share\interpreter\linkResolver.cpp, line 766]
Event: 2.211 Thread 0x0000018dd50d5530 Exception <a 'java/lang/NoSuchMethodError'{0x000000008b92de78}: 'int java.lang.invoke.DirectMethodHandle$Holder.invokeSpecial(java.lang.Object, java.lang.Object, java.lang.Object, int)'> (0x000000008b92de78) 
thrown [t:\workspace\open\src\hotspot\share\interpreter\linkResolver.cpp, line 766]
Event: 2.214 Thread 0x0000018dd50d5530 Exception <a 'java/lang/NoSuchMethodError'{0x000000008b940818}: 'java.lang.Object java.lang.invoke.DirectMethodHandle$Holder.invokeStatic(java.lang.Object, java.lang.Object, java.lang.Object, java.lang.Object, int)'> (0x000000008b940818) 
thrown [t:\workspace\open\src\hotspot\share\interpreter\linkResolver.cpp, line 766]
Event: 2.216 Thread 0x0000018dd50d5530 Exception <a 'java/lang/NoSuchMethodError'{0x000000008b94c1a8}: 'void java.lang.invoke.DelegatingMethodHandle$Holder.reinvoke_L(java.lang.Object, java.lang.Object, int)'> (0x000000008b94c1a8) 
thrown [t:\workspace\open\src\hotspot\share\interpreter\linkResolver.cpp, line 766]

VM Operations (20 events):
Event: 1.600 Executing VM operation: HandshakeAllThreads
Event: 1.600 Executing VM operation: HandshakeAllThreads done
Event: 1.602 Executing VM operation: HandshakeAllThreads
Event: 1.602 Executing VM operation: HandshakeAllThreads done
Event: 1.682 Executing VM operation: ICBufferFull
Event: 1.683 Executing VM operation: ICBufferFull done
Event: 1.705 Executing VM operation: HandshakeAllThreads
Event: 1.705 Executing VM operation: HandshakeAllThreads done
Event: 1.784 Executing VM operation: HandshakeAllThreads
Event: 1.784 Executing VM operation: HandshakeAllThreads done
Event: 1.935 Executing VM operation: HandshakeAllThreads
Event: 1.935 Executing VM operation: HandshakeAllThreads done
Event: 1.948 Executing VM operation: G1CollectForAllocation
Event: 1.958 Executing VM operation: G1CollectForAllocation done
Event: 2.012 Executing VM operation: HandshakeAllThreads
Event: 2.012 Executing VM operation: HandshakeAllThreads done
Event: 2.068 Executing VM operation: HandshakeAllThreads
Event: 2.068 Executing VM operation: HandshakeAllThreads done
Event: 2.123 Executing VM operation: HandshakeAllThreads
Event: 2.123 Executing VM operation: HandshakeAllThreads done

Events (20 events):
Event: 0.017 Loaded shared library C:\Program Files\Java\jdk-18\bin\jsvml.dll
Event: 0.017 Thread 0x0000018dd50d5530 Thread added: 0x0000018dd50d5530
Event: 0.020 Thread 0x0000018df27de4b0 Thread added: 0x0000018df27de4b0
Event: 0.020 Thread 0x0000018df27e1030 Thread added: 0x0000018df27e1030
Event: 0.032 Thread 0x0000018df27fc900 Thread added: 0x0000018df27fc900
Event: 0.032 Thread 0x0000018df27fd3c0 Thread added: 0x0000018df27fd3c0
Event: 0.033 Thread 0x0000018df27fdc70 Thread added: 0x0000018df27fdc70
Event: 0.033 Thread 0x0000018df27fea70 Thread added: 0x0000018df27fea70
Event: 0.033 Thread 0x0000018df2802c90 Thread added: 0x0000018df2802c90
Event: 0.033 Thread 0x0000018df280bc20 Thread added: 0x0000018df280bc20
Event: 0.033 Thread 0x0000018df2819980 Thread added: 0x0000018df2819980
Event: 0.053 Thread 0x0000018df6c914a0 Thread added: 0x0000018df6c914a0
Event: 0.056 Thread 0x0000018df6c97bf0 Thread added: 0x0000018df6c97bf0
Event: 0.060 Loaded shared library C:\Program Files\Java\jdk-18\bin\net.dll
Event: 0.062 Loaded shared library C:\Program Files\Java\jdk-18\bin\nio.dll
Event: 0.065 Loaded shared library C:\Program Files\Java\jdk-18\bin\zip.dll
Event: 0.174 Loaded shared library C:\Program Files\Java\jdk-18\bin\jimage.dll
Event: 0.188 Loaded shared library C:\Program Files\NetBeans-13\netbeans\java\maven\lib\jansi-native\Windows\x86_64\jansi.dll
Event: 0.200 Loaded shared library C:\Program Files\Java\jdk-18\bin\verify.dll
Event: 0.767 Thread 0x0000018df77d8a90 Thread added: 0x0000018df77d8a90


Dynamic libraries:
0x00007ff73a8c0000 - 0x00007ff73a8d0000 	C:\Program Files\Java\jdk-18\bin\java.exe
0x00007ffc09650000 - 0x00007ffc09847000 	C:\WINDOWS\SYSTEM32\ntdll.dll
0x00007ffc07b90000 - 0x00007ffc07c4d000 	C:\WINDOWS\System32\KERNEL32.DLL
0x00007ffc07250000 - 0x00007ffc0751d000 	C:\WINDOWS\System32\KERNELBASE.dll
0x00007ffc06da0000 - 0x00007ffc06ea0000 	C:\WINDOWS\System32\ucrtbase.dll
0x00007ffbfd7a0000 - 0x00007ffbfd7ba000 	C:\Program Files\Java\jdk-18\bin\VCRUNTIME140.dll
0x00007ffc00280000 - 0x00007ffc00298000 	C:\Program Files\Java\jdk-18\bin\jli.dll
0x00007ffc07dc0000 - 0x00007ffc07e6e000 	C:\WINDOWS\System32\ADVAPI32.dll
0x00007ffc07c50000 - 0x00007ffc07cee000 	C:\WINDOWS\System32\msvcrt.dll
0x00007ffc08dc0000 - 0x00007ffc08e5c000 	C:\WINDOWS\System32\sechost.dll
0x00007ffc09330000 - 0x00007ffc09455000 	C:\WINDOWS\System32\RPCRT4.dll
0x00007ffc08e60000 - 0x00007ffc09000000 	C:\WINDOWS\System32\USER32.dll
0x00007ffbf10c0000 - 0x00007ffbf135a000 	C:\WINDOWS\WinSxS\amd64_microsoft.windows.common-controls_6595b64144ccf1df_6.0.19041.1110_none_60b5254171f9507e\COMCTL32.dll
0x00007ffc06d70000 - 0x00007ffc06d92000 	C:\WINDOWS\System32\win32u.dll
0x00007ffc07e70000 - 0x00007ffc07e9a000 	C:\WINDOWS\System32\GDI32.dll
0x00007ffc07030000 - 0x00007ffc0713b000 	C:\WINDOWS\System32\gdi32full.dll
0x00007ffc07140000 - 0x00007ffc071dd000 	C:\WINDOWS\System32\msvcp_win.dll
0x00007ffbfd260000 - 0x00007ffbfd26a000 	C:\WINDOWS\SYSTEM32\VERSION.dll
0x00007ffc092a0000 - 0x00007ffc092d0000 	C:\WINDOWS\System32\IMM32.DLL
0x00007ffbfda60000 - 0x00007ffbfda6c000 	C:\Program Files\Java\jdk-18\bin\vcruntime140_1.dll
0x00007ffbf1f30000 - 0x00007ffbf1fbd000 	C:\Program Files\Java\jdk-18\bin\msvcp140.dll
0x00007ffbdcbd0000 - 0x00007ffbdd7e1000 	C:\Program Files\Java\jdk-18\bin\server\jvm.dll
0x00007ffc07fd0000 - 0x00007ffc07fd8000 	C:\WINDOWS\System32\PSAPI.DLL
0x00007ffbf3c10000 - 0x00007ffbf3c37000 	C:\WINDOWS\SYSTEM32\WINMM.dll
0x00007ffbf07f0000 - 0x00007ffbf07f9000 	C:\WINDOWS\SYSTEM32\WSOCK32.dll
0x00007ffc07cf0000 - 0x00007ffc07d5b000 	C:\WINDOWS\System32\WS2_32.dll
0x00007ffc04c10000 - 0x00007ffc04c22000 	C:\WINDOWS\SYSTEM32\kernel.appcore.dll
0x00007ffbf7630000 - 0x00007ffbf763a000 	C:\Program Files\Java\jdk-18\bin\jimage.dll
0x00007ffc02930000 - 0x00007ffc02b14000 	C:\WINDOWS\SYSTEM32\DBGHELP.DLL
0x00007ffbe9700000 - 0x00007ffbe972c000 	C:\WINDOWS\SYSTEM32\dbgcore.DLL
0x00007ffc07620000 - 0x00007ffc076a2000 	C:\WINDOWS\System32\bcryptPrimitives.dll
0x00007ffbfd770000 - 0x00007ffbfd795000 	C:\Program Files\Java\jdk-18\bin\java.dll
0x00007ffbd04f0000 - 0x00007ffbd05c6000 	C:\Program Files\Java\jdk-18\bin\jsvml.dll
0x00007ffc08660000 - 0x00007ffc08da4000 	C:\WINDOWS\System32\SHELL32.dll
0x00007ffc04e30000 - 0x00007ffc055c4000 	C:\WINDOWS\SYSTEM32\windows.storage.dll
0x00007ffc07780000 - 0x00007ffc07ad4000 	C:\WINDOWS\System32\combase.dll
0x00007ffc067d0000 - 0x00007ffc067fc000 	C:\WINDOWS\SYSTEM32\Wldp.dll
0x00007ffc09110000 - 0x00007ffc091bd000 	C:\WINDOWS\System32\SHCORE.dll
0x00007ffc090b0000 - 0x00007ffc09105000 	C:\WINDOWS\System32\shlwapi.dll
0x00007ffc06cb0000 - 0x00007ffc06ccf000 	C:\WINDOWS\SYSTEM32\profapi.dll
0x00007ffbf73a0000 - 0x00007ffbf73b3000 	C:\Program Files\Java\jdk-18\bin\net.dll
0x00007ffc01160000 - 0x00007ffc0126a000 	C:\WINDOWS\SYSTEM32\WINHTTP.dll
0x00007ffc06530000 - 0x00007ffc0659a000 	C:\WINDOWS\system32\mswsock.dll
0x00007ffbf65d0000 - 0x00007ffbf65e6000 	C:\Program Files\Java\jdk-18\bin\nio.dll
0x00007ffbf64b0000 - 0x00007ffbf64c8000 	C:\Program Files\Java\jdk-18\bin\zip.dll
0x0000000069ac0000 - 0x0000000069ae4000 	C:\Program Files\NetBeans-13\netbeans\java\maven\lib\jansi-native\Windows\x86_64\jansi.dll
0x00007ffbf61f0000 - 0x00007ffbf6200000 	C:\Program Files\Java\jdk-18\bin\verify.dll

dbghelp: loaded successfully - version: 4.0.5 - missing functions: none
symbol engine: initialized successfully - sym options: 0x614 - pdb path: .;C:\Program Files\Java\jdk-18\bin;C:\WINDOWS\SYSTEM32;C:\WINDOWS\WinSxS\amd64_microsoft.windows.common-controls_6595b64144ccf1df_6.0.19041.1110_none_60b5254171f9507e;C:\Program Files\Java\jdk-18\bin\server;C:\Program Files\NetBeans-13\netbeans\java\maven\lib\jansi-native\Windows\x86_64

VM Arguments:
jvm_args: -Dclassworlds.conf=C:\Program Files\NetBeans-13\netbeans\java\maven\bin\m2.conf -Dmaven.home=C:\Program Files\NetBeans-13\netbeans\java\maven -Dlibrary.jansi.path=C:\Program Files\NetBeans-13\netbeans\java\maven\lib\jansi-native -Dmaven.multiModuleProjectDirectory=D:\atHust\20212\7_Object-OrientedProgramming\MediaOne 
java_command: org.codehaus.plexus.classworlds.launcher.Launcher -Dexec.vmArgs= -Dexec.args=${exec.vmArgs} -classpath %classpath ${exec.mainClass} ${exec.appArgs} -Dexec.appArgs= -Dexec.mainClass=MainApp -Dexec.executable=C:\Program Files\Java\jdk-18\bin\java.exe -Dmaven.ext.class.path=C:\Program Files\NetBeans-13\netbeans\java\maven-nblib\netbeans-eventspy.jar org.codehaus.mojo:exec-maven-plugin:3.0.0:exec
java_class_path (initial): C:\Program Files\NetBeans-13\netbeans\java\maven\boot\plexus-classworlds-2.6.0.jar
Launcher Type: SUN_STANDARD

[Global flags]
     intx CICompilerCount                          = 3                                         {product} {ergonomic}
     uint ConcGCThreads                            = 1                                         {product} {ergonomic}
     uint G1ConcRefinementThreads                  = 4                                         {product} {ergonomic}
   size_t G1HeapRegionSize                         = 1048576                                   {product} {ergonomic}
    uintx GCDrainStackTargetSize                   = 64                                        {product} {ergonomic}
   size_t InitialHeapSize                          = 130023424                                 {product} {ergonomic}
   size_t MarkStackSize                            = 4194304                                   {product} {ergonomic}
   size_t MaxHeapSize                              = 2076180480                                {product} {ergonomic}
   size_t MaxNewSize                               = 1245708288                                {product} {ergonomic}
   size_t MinHeapDeltaBytes                        = 1048576                                   {product} {ergonomic}
   size_t MinHeapSize                              = 8388608                                   {product} {ergonomic}
    uintx NonNMethodCodeHeapSize                   = 5832780                                {pd product} {ergonomic}
    uintx NonProfiledCodeHeapSize                  = 122912730                              {pd product} {ergonomic}
    uintx ProfiledCodeHeapSize                     = 122912730                              {pd product} {ergonomic}
    uintx ReservedCodeCacheSize                    = 251658240                              {pd product} {ergonomic}
     bool SegmentedCodeCache                       = true                                      {product} {ergonomic}
   size_t SoftMaxHeapSize                          = 2076180480                             {manageable} {ergonomic}
     bool UseCompressedClassPointers               = true                           {product lp64_product} {ergonomic}
     bool UseCompressedOops                        = true                           {product lp64_product} {ergonomic}
     bool UseG1GC                                  = true                                      {product} {ergonomic}
     bool UseLargePagesIndividualAllocation        = false                                  {pd product} {ergonomic}

Logging:
Log output configuration:
 #0: stdout all=warning uptime,level,tags foldmultilines=false
 #1: stderr all=off uptime,level,tags foldmultilines=false

Environment Variables:
JAVA_HOME=C:\Program Files\Java\jdk-18
PATH=C:\Program Files\Common Files\Oracle\Java\javapath;C:\Program Files (x86)\Common Files\Intel\Shared Libraries\redist\intel64\compiler;C:\WINDOWS\system32;C:\WINDOWS;C:\WINDOWS\System32\Wbem;C:\WINDOWS\System32\WindowsPowerShell\v1.0\;C:\WINDOWS\System32\OpenSSH\;C:\Program Files\Git\cmd;C:\msys64\mingw64\bin;C:\Users\XPS\AppData\Local\Programs\Python\Python39\Scripts\;C:\Users\XPS\AppData\Local\Programs\Python\Python39\;C:\Users\XPS\AppData\Local\Microsoft\WindowsApps;C:\Users\XPS\AppData\Local\Programs\Python\Python39;C:\Users\XPS\AppData\Local\Programs\Python\Python39\Scripts;C:\Users\XPS\AppData\Local\Programs\Microsoft VS Code\bin;C:\Users\XPS\AppData\Local\Programs\MiKTeX\miktex\bin\x64\
USERNAME=XPS
OS=Windows_NT
PROCESSOR_IDENTIFIER=Intel64 Family 6 Model 142 Stepping 9, GenuineIntel



---------------  S Y S T E M  ---------------

OS:
 Windows 10 , 64 bit Build 19041 (10.0.19041.1741)
OS uptime: 1 days 2:04 hours
Hyper-V role detected

CPU: total 4 (initial active 4) (2 cores per cpu, 2 threads per core) family 6 model 142 stepping 9 microcode 0xea, cx8, cmov, fxsr, ht, mmx, 3dnowpref, sse, sse2, sse3, ssse3, sse4.1, sse4.2, popcnt, lzcnt, tsc, tscinvbit, avx, avx2, aes, erms, clmul, bmi1, bmi2, adx, fma, vzeroupper, clflush, clflushopt, hv

Memory: 4k page, system-wide physical 7919M (1635M free)
TotalPageFile size 12980M (AvailPageFile size 5M)
current process WorkingSet (physical memory assigned to process): 102M, peak: 102M
current process commit charge ("private bytes"): 229M, peak: 229M

vm_info: Java HotSpot(TM) 64-Bit Server VM (18+36-2087) for windows-amd64 JRE (18+36-2087), built on Feb 15 2022 09:43:11 by "mach5one" with MS VC++ 16.8 / 16.9 (VS2019)

END.
